===============================
 Artillery Configuration - Wed Jun 25 14:47:39 -03 2025 
===============================
config:
  target: http://localhost:3000
  phases:
    - duration: 30
      arrivalRate: 3
      name: Warm up
  ensure:
    maxErrorRate: 1
    max: 500
  # Load the Playwright engine:
  engines:
    playwright:
      globalTimeout: 240000
      launchOptions:
        headless: true
        slowMo: 500
  # Path to JavaScript file that defines Playwright test functions
  processor: '../tests/test-helpers.js'
scenarios:
  - engine: playwright
    testFunction: 'reactiveAddAndRemoveTasks'
===============================
===============================
 Meteor checkout version - 8301d700b361e2a94240e55cbc8c8020cd8e9fe6
===============================
=> Running Meteor from a checkout -- overrides project version (Meteor 3.3)
[[[[[ ~/dev/meteor-dev/performance/apps/tasks-3.x ]]]]]

=> Started proxy.
=> Started HMR server.
W20250625-14:47:53.965(-3)? (STDERR) Deprecation warnings are hidden but crucial to address for future Meteor updates. 
W20250625-14:47:53.969(-3)? (STDERR)  Remove the `METEOR_NO_DEPRECATION` env var to reveal them, then report or fix the issues.
(node:4373) Warning: The `util._extend` API is deprecated. Please use Object.assign() instead.
(Use `node --trace-warnings ...` to show where the warning was created)
=> Started your app.

=> App running at: http://localhost:3000/
I20250625-14:47:54.008(-3)? MongoDB Change Streams are available and will be used for real-time updates
I20250625-14:47:54.008(-3)? MongoDB Change Streams are available and will be used for real-time updates
I20250625-14:47:54.010(-3)? MongoDB Change Streams are available and will be used for real-time updates
APP PID: 4418
DB PID: 
Monitor CpuRam APP Pid 4432
Monitor CpuRam DB Pid 4433
Test run id: t5bht_w45qnrdqe8dyqregfdp66mrjfnfen_c6nq
APP | Cpu 31 Memory 152403968
DB | Cpu 2 Memory 39600128
Phase started: Warm up (index: 0, duration: 30s) 14:47:55(-0300)

I20250625-14:47:56.776(-3)? 🔥 Using ChangeStreamObserveDriver for real-time updates
I20250625-14:47:56.776(-3)? ChangeStream: Sending initial adds for collection taskCollection
I20250625-14:47:56.776(-3)? ChangeStream: Selector: {}
I20250625-14:47:56.777(-3)? ChangeStream: Initial adds complete for taskCollection
I20250625-14:47:56.782(-3)? 🔥 Using ChangeStreamObserveDriver for real-time updates
I20250625-14:47:56.782(-3)? ChangeStream: Sending initial adds for collection taskCollection
I20250625-14:47:56.782(-3)? ChangeStream: Selector: {}
I20250625-14:47:56.783(-3)? ChangeStream: Initial adds complete for taskCollection
--------------------------------------
Metrics for period to: 14:48:00(-0300) (width: 3.284s)
--------------------------------------

browser.http_requests: ......................................................... 720
browser.page.FCP.http://localhost:3000/:
  min: ......................................................................... 103.8
  max: ......................................................................... 163.7
  mean: ........................................................................ 126.6
  median: ...................................................................... 117.9
  p95: ......................................................................... 162.4
  p99: ......................................................................... 162.4
browser.page.FID.http://localhost:3000/:
  min: ......................................................................... 0.8
  max: ......................................................................... 1.1
  mean: ........................................................................ 1
  median: ...................................................................... 1.1
  p95: ......................................................................... 1.1
  p99: ......................................................................... 1.1
browser.page.LCP.http://localhost:3000/:
  min: ......................................................................... 116
  max: ......................................................................... 1062.4
  mean: ........................................................................ 433.5
  median: ...................................................................... 162.4
  p95: ......................................................................... 1002.4
  p99: ......................................................................... 1002.4
browser.page.TTFB.http://localhost:3000/:
  min: ......................................................................... 2.1
  max: ......................................................................... 9.1
  mean: ........................................................................ 4.3
  median: ...................................................................... 3
  p95: ......................................................................... 9.1
  p99: ......................................................................... 9.1
browser.page.codes.200: ........................................................ 720
vusers.created: ................................................................ 12
vusers.created_by_name.0: ...................................................... 12


DB | Cpu 0 Memory 41779200
APP | Cpu 46 Memory 194035712
--------------------------------------
Metrics for period to: 14:48:10(-0300) (width: 9.63s)
--------------------------------------

browser.http_requests: ......................................................... 1743
browser.page.FCP.http://localhost:3000/:
  min: ......................................................................... 100.5
  max: ......................................................................... 492.4
  mean: ........................................................................ 165.8
  median: ...................................................................... 125.2
  p95: ......................................................................... 262.5
  p99: ......................................................................... 478.3
browser.page.FID.http://localhost:3000/:
  min: ......................................................................... 0.9
  max: ......................................................................... 1.8
  mean: ........................................................................ 1
  median: ...................................................................... 1
  p95: ......................................................................... 1.2
  p99: ......................................................................... 1.2
browser.page.LCP.http://localhost:3000/:
  min: ......................................................................... 120.2
  max: ......................................................................... 662.9
  mean: ........................................................................ 213.2
  median: ...................................................................... 149.9
  p95: ......................................................................... 550.1
  p99: ......................................................................... 608
browser.page.TTFB.http://localhost:3000/:
  min: ......................................................................... 1.9
  max: ......................................................................... 34.8
  mean: ........................................................................ 7
  median: ...................................................................... 2.4
  p95: ......................................................................... 29.7
  p99: ......................................................................... 33.5
browser.page.codes.200: ........................................................ 1743
vusers.created: ................................................................ 30
vusers.created_by_name.0: ...................................................... 30


DB | Cpu 1 Memory 41517056
APP | Cpu 25 Memory 227328000
--------------------------------------
Metrics for period to: 14:48:20(-0300) (width: 9.977s)
--------------------------------------

browser.http_requests: ......................................................... 578
browser.page.FCP.http://localhost:3000/:
  min: ......................................................................... 829.1
  max: ......................................................................... 5360.4
  mean: ........................................................................ 2806.9
  median: ...................................................................... 1002.4
  p95: ......................................................................... 4965.3
  p99: ......................................................................... 4965.3
browser.page.FID.http://localhost:3000/:
  min: ......................................................................... 1
  max: ......................................................................... 1.2
  mean: ........................................................................ 1.1
  median: ...................................................................... 1.1
  p95: ......................................................................... 1.2
  p99: ......................................................................... 1.2
browser.page.LCP.http://localhost:3000/:
  min: ......................................................................... 593.5
  max: ......................................................................... 5360.4
  mean: ........................................................................ 2311.3
  median: ...................................................................... 1085.9
  p95: ......................................................................... 4965.3
  p99: ......................................................................... 4965.3
browser.page.TTFB.http://localhost:3000/:
  min: ......................................................................... 9.6
  max: ......................................................................... 188.4
  mean: ........................................................................ 76.5
  median: ...................................................................... 48.9
  p95: ......................................................................... 106.7
  p99: ......................................................................... 106.7
browser.page.codes.200: ........................................................ 579
vusers.created: ................................................................ 30
vusers.created_by_name.0: ...................................................... 30


DB | Cpu 1 Memory 46088192
APP | Cpu 62 Memory 261668864
Phase completed: Warm up (index: 0, duration: 30s) 14:48:25(-0300)

--------------------------------------
Metrics for period to: 14:48:30(-0300) (width: 9.988s)
--------------------------------------

browser.http_requests: ......................................................... 2065
browser.page.FCP.http://localhost:3000/:
  min: ......................................................................... 5757
  max: ......................................................................... 12434.8
  mean: ........................................................................ 9188.7
  median: ...................................................................... 9230.4
  p95: ......................................................................... 12213.1
  p99: ......................................................................... 12213.1
browser.page.FID.http://localhost:3000/:
  min: ......................................................................... 0.9
  max: ......................................................................... 43
  mean: ........................................................................ 3.5
  median: ...................................................................... 1.1
  p95: ......................................................................... 2.2
  p99: ......................................................................... 37.7
browser.page.LCP.http://localhost:3000/:
  min: ......................................................................... 5763.4
  max: ......................................................................... 13046.2
  mean: ........................................................................ 9809.2
  median: ...................................................................... 9801.2
  p95: ......................................................................... 12711.5
  p99: ......................................................................... 12968.3
browser.page.TTFB.http://localhost:3000/:
  min: ......................................................................... 157.7
  max: ......................................................................... 3518.8
  mean: ........................................................................ 1314.8
  median: ...................................................................... 620.3
  p95: ......................................................................... 3464.1
  p99: ......................................................................... 3534.1
browser.page.codes.200: ........................................................ 2065
vusers.completed: .............................................................. 24
vusers.created: ................................................................ 18
vusers.created_by_name.0: ...................................................... 18
vusers.failed: ................................................................. 0
vusers.session_length:
  min: ......................................................................... 24890.4
  max: ......................................................................... 26424.2
  mean: ........................................................................ 25530.3
  median: ...................................................................... 25598.5
  p95: ......................................................................... 26115.6
  p99: ......................................................................... 26115.6


DB | Cpu 1 Memory 42156032
APP | Cpu 19 Memory 301760512
--------------------------------------
Metrics for period to: 14:48:40(-0300) (width: 9.224s)
--------------------------------------

browser.http_requests: ......................................................... 294
browser.page.FCP.http://localhost:3000/:
  min: ......................................................................... 8303.3
  max: ......................................................................... 12444.2
  mean: ........................................................................ 10894.1
  median: ...................................................................... 10832
  p95: ......................................................................... 12459.8
  p99: ......................................................................... 12459.8
browser.page.FID.http://localhost:3000/:
  min: ......................................................................... 1
  max: ......................................................................... 1.2
  mean: ........................................................................ 1.1
  median: ...................................................................... 1.1
  p95: ......................................................................... 1.2
  p99: ......................................................................... 1.2
browser.page.LCP.http://localhost:3000/:
  min: ......................................................................... 8303.3
  max: ......................................................................... 13347.9
  mean: ........................................................................ 11130.9
  median: ...................................................................... 10832
  p95: ......................................................................... 13230.3
  p99: ......................................................................... 13230.3
browser.page.TTFB.http://localhost:3000/:
  min: ......................................................................... 397.8
  max: ......................................................................... 550.4
  mean: ........................................................................ 457.4
  median: ...................................................................... 450.4
  p95: ......................................................................... 539.2
  p99: ......................................................................... 539.2
browser.page.codes.200: ........................................................ 293
vusers.completed: .............................................................. 18
vusers.failed: ................................................................. 0
vusers.session_length:
  min: ......................................................................... 25823.5
  max: ......................................................................... 28262.5
  mean: ........................................................................ 27235.6
  median: ...................................................................... 27181.5
  p95: ......................................................................... 28290.8
  p99: ......................................................................... 28290.8


DB | Cpu 0 Memory 42680320
APP | Cpu 14.000000000000002 Memory 312262656
--------------------------------------
Metrics for period to: 14:48:50(-0300) (width: 2.051s)
--------------------------------------

vusers.completed: .............................................................. 3
vusers.failed: ................................................................. 0
vusers.session_length:
  min: ......................................................................... 32503
  max: ......................................................................... 34433.3
  mean: ........................................................................ 33512.7
  median: ...................................................................... 33870.4
  p95: ......................................................................... 33870.4
  p99: ......................................................................... 33870.4


DB | Cpu 1 Memory 43073536
APP | Cpu 8 Memory 327483392
--------------------------------------
Metrics for period to: 14:49:00(-0300) (width: 7.124s)
--------------------------------------

vusers.completed: .............................................................. 36
vusers.failed: ................................................................. 0
vusers.session_length:
  min: ......................................................................... 34501.7
  max: ......................................................................... 41631.8
  mean: ........................................................................ 37973.3
  median: ...................................................................... 37432.7
  p95: ......................................................................... 41369.7
  p99: ......................................................................... 41369.7


--------------------------------------
Metrics for period to: 14:49:10(-0300) (width: 3.787s)
--------------------------------------

vusers.completed: .............................................................. 9
vusers.failed: ................................................................. 0
vusers.session_length:
  min: ......................................................................... 37360.8
  max: ......................................................................... 39215.8
  mean: ........................................................................ 38412.7
  median: ...................................................................... 38189
  p95: ......................................................................... 38960.5
  p99: ......................................................................... 38960.5


All VUs finished. Total time: 1 minute, 8 seconds

--------------------------------
Summary report @ 14:49:05(-0300)
--------------------------------

browser.http_requests: ......................................................... 5400
browser.page.FCP.http://localhost:3000/:
  min: ......................................................................... 100.5
  max: ......................................................................... 12444.2
  mean: ........................................................................ 5075.5
  median: ...................................................................... 5378.9
  p95: ......................................................................... 12459.8
  p99: ......................................................................... 12459.8
browser.page.FID.http://localhost:3000/:
  min: ......................................................................... 0.8
  max: ......................................................................... 43
  mean: ........................................................................ 2
  median: ...................................................................... 1.1
  p95: ......................................................................... 1.3
  p99: ......................................................................... 37.7
browser.page.LCP.http://localhost:3000/:
  min: ......................................................................... 116
  max: ......................................................................... 13347.9
  mean: ........................................................................ 5395.9
  median: ...................................................................... 5378.9
  p95: ......................................................................... 12711.5
  p99: ......................................................................... 13230.3
browser.page.TTFB.http://localhost:3000/:
  min: ......................................................................... 1.9
  max: ......................................................................... 3518.8
  mean: ........................................................................ 550.8
  median: ...................................................................... 159.2
  p95: ......................................................................... 3134.5
  p99: ......................................................................... 3534.1
browser.page.codes.200: ........................................................ 5400
vusers.completed: .............................................................. 90
vusers.created: ................................................................ 90
vusers.created_by_name.0: ...................................................... 90
vusers.failed: ................................................................. 0
vusers.session_length:
  min: ......................................................................... 24890.4
  max: ......................................................................... 41631.8
  mean: ........................................................................ 32402.9
  median: ...................................................................... 34554.7
  p95: ......................................................................... 40550.5
  p99: ......................................................................... 41369.7
DB | Cpu 0 Memory 43286528
----------
APP
Average CPU usage (%): 26.31
Average Memory usage (bytes): 266 MB
----------
----------
DB
Average CPU usage (%): 0.24
Average Memory usage (bytes): 42.5 MB
----------
[0;32mOutput is suitable for comparisons (logs/''-tasks-3.x-reactive-stress.yml.log)[0m
[0;32m Your machine managed the configuration correctly.[0m
