===============================
 Artillery Configuration - Mon Jul 21 15:12:49 -03 2025 
===============================
config:
  target: http://localhost:3000
  phases:
    - duration: 30
      arrivalRate: 2
      maxVusers: 100
      name: Warm up
  ensure:
    maxErrorRate: 1
    max: 500
  # Load the Playwright engine:
  engines:
    playwright:
      globalTimeout: 240000
      launchOptions:
        slowMo: 500
  # Path to JavaScript file that defines Playwright test functions
  processor: '../tests/test-helpers.js'
scenarios:
  - engine: playwright
    testFunction: 'reactiveAddAndRemoveTasks'
===============================
===============================
 Meteor checkout version - f21d3220a81f562fc4be330ab5b30fd10a59f87a
===============================
=> Running Meteor from a checkout -- overrides project version (Meteor 3.0.2)
[[[[[ ~/dev/meteor-dev/performance/apps/tasks-3.x ]]]]]

=> Started proxy.
=> Started HMR server.

Changes to your project's package version selections:

allow-deny                 upgraded from 2.0.0 to 2.1.0
autoupdate                 upgraded from 2.0.0 to 2.0.1
babel-compiler             upgraded from 7.11.0 to 7.12.0
blaze-tools                removed from your project
boilerplate-generator      upgraded from 2.0.0 to 2.0.1
caching-compiler           upgraded from 2.0.0 to 2.0.1
caching-html-compiler      removed from your project
check                      upgraded from 1.4.2 to 1.4.4
ddp-client                 upgraded from 3.0.1 to 3.1.1
ddp-server                 upgraded from 3.0.1 to 3.1.2
ecmascript                 upgraded from 0.16.9 to 0.16.11
ecmascript-runtime         upgraded from 0.8.2 to 0.8.3
ecmascript-runtime-client  upgraded from 0.12.2 to 0.12.3
ejson                      upgraded from 1.1.4 to 1.1.5
fetch                      upgraded from 0.1.5 to 0.1.6
html-tools                 removed from your project
htmljs                     removed from your project
logging                    upgraded from 1.3.5 to 1.3.6
meteor                     upgraded from 2.0.1 to 2.1.1
minifier-css               upgraded from 2.0.0 to 2.0.1
minifier-js                upgraded from 3.0.0 to 3.0.2
minimongo                  upgraded from 2.0.1 to 2.0.2
modern-browsers            upgraded from 0.1.11 to 0.2.2
modules                    upgraded from 0.20.1 to 0.20.3
mongo                      upgraded from 2.0.1 to 2.1.2
mongo-decimal              upgraded from 0.1.4-beta300.7 to 0.2.0
npm-mongo*                 upgraded from 4.17.4 to 6.10.2
shell-server               upgraded from 0.6.0 to 0.6.1
socket-stream-client       upgraded from 0.5.3 to 0.6.1
spacebars-compiler         removed from your project
standard-minifier-js       upgraded from 3.0.0 to 3.1.0
static-html                upgraded from 1.3.3 to 1.4.0
static-html-tools          added, version 1.0.0
templating-tools           removed from your project
typescript                 upgraded from 5.4.3 to 5.6.4
underscore                 removed from your project
webapp                     upgraded from 2.0.1 to 2.0.7


* These packages have been updated to new versions that are not backwards
compatible.
W20250721-15:13:02.797(-3)? (STDERR) Deprecation warnings are hidden but crucial to address for future Meteor updates. 
W20250721-15:13:02.801(-3)? (STDERR)  Remove the `METEOR_NO_DEPRECATION` env var to reveal them, then report or fix the issues.
(node:4680) Warning: The `util._extend` API is deprecated. Please use Object.assign() instead.
(Use `node --trace-warnings ...` to show where the warning was created)
=> Started your app.

=> App running at: http://localhost:3000/
APP PID: 4727
DB PID: 
Monitor CpuRam APP Pid 4741
Monitor CpuRam DB Pid 4742
Test run id: tngky_hb4tfhp9crfa7hwc9yyh9tymrqd85_3nkq
APP | Cpu 32 Memory 150831104
DB | Cpu 2 Memory 40288256
Phase started: Warm up (index: 0, duration: 30s) 15:13:04(-0300)

APP | Cpu 26 Memory 166264832
DB | Cpu 0 Memory 37978112
--------------------------------------
Metrics for period to: 15:13:10(-0300) (width: 4.285s)
--------------------------------------

browser.http_requests: ......................................................... 600
browser.page.FCP.http://localhost:3000/:
  min: ......................................................................... 124.1
  max: ......................................................................... 437.8
  mean: ........................................................................ 304.6
  median: ...................................................................... 383.8
  p95: ......................................................................... 432.7
  p99: ......................................................................... 432.7
browser.page.FID.http://localhost:3000/:
  min: ......................................................................... 0.9
  max: ......................................................................... 1.2
  mean: ........................................................................ 1
  median: ...................................................................... 1.1
  p95: ......................................................................... 1.1
  p99: ......................................................................... 1.1
browser.page.LCP.http://localhost:3000/:
  min: ......................................................................... 140.9
  max: ......................................................................... 437.8
  mean: ........................................................................ 348.3
  median: ...................................................................... 415.8
  p95: ......................................................................... 432.7
  p99: ......................................................................... 432.7
browser.page.TTFB.http://localhost:3000/:
  min: ......................................................................... 3.1
  max: ......................................................................... 82
  mean: ........................................................................ 42.9
  median: ...................................................................... 41.7
  p95: ......................................................................... 82.3
  p99: ......................................................................... 82.3
browser.page.codes.200: ........................................................ 600
vusers.created: ................................................................ 10
vusers.created_by_name.0: ...................................................... 10


DB | Cpu 0 Memory 34373632
APP | Cpu 25 Memory 158285824
--------------------------------------
Metrics for period to: 15:13:20(-0300) (width: 9.319s)
--------------------------------------

browser.http_requests: ......................................................... 1200
browser.page.FCP.http://localhost:3000/:
  min: ......................................................................... 105
  max: ......................................................................... 169.7
  mean: ........................................................................ 125.8
  median: ...................................................................... 120.3
  p95: ......................................................................... 169
  p99: ......................................................................... 169
browser.page.FID.http://localhost:3000/:
  min: ......................................................................... 0.9
  max: ......................................................................... 1.3
  mean: ........................................................................ 1
  median: ...................................................................... 1
  p95: ......................................................................... 1.2
  p99: ......................................................................... 1.2
browser.page.LCP.http://localhost:3000/:
  min: ......................................................................... 117.5
  max: ......................................................................... 793.2
  mean: ........................................................................ 204.8
  median: ...................................................................... 135.7
  p95: ......................................................................... 742.6
  p99: ......................................................................... 742.6
browser.page.TTFB.http://localhost:3000/:
  min: ......................................................................... 2.1
  max: ......................................................................... 22.9
  mean: ........................................................................ 5.1
  median: ...................................................................... 2.6
  p95: ......................................................................... 14.2
  p99: ......................................................................... 14.2
browser.page.codes.200: ........................................................ 1200
vusers.created: ................................................................ 20
vusers.created_by_name.0: ...................................................... 20


APP | Cpu 17 Memory 131137536
DB | Cpu 0 Memory 39256064
Phase completed: Warm up (index: 0, duration: 30s) 15:13:34(-0300)

--------------------------------------
Metrics for period to: 15:13:30(-0300) (width: 9.436s)
--------------------------------------

browser.http_requests: ......................................................... 946
browser.page.FCP.http://localhost:3000/:
  min: ......................................................................... 198.6
  max: ......................................................................... 1943.3
  mean: ........................................................................ 1110.9
  median: ...................................................................... 1176.4
  p95: ......................................................................... 1755
  p99: ......................................................................... 1755
browser.page.FID.http://localhost:3000/:
  min: ......................................................................... 1
  max: ......................................................................... 62.3
  mean: ........................................................................ 5.6
  median: ...................................................................... 1.2
  p95: ......................................................................... 1.7
  p99: ......................................................................... 1.7
browser.page.LCP.http://localhost:3000/:
  min: ......................................................................... 202.9
  max: ......................................................................... 2267.3
  mean: ........................................................................ 1096.9
  median: ...................................................................... 1176.4
  p95: ......................................................................... 1720.2
  p99: ......................................................................... 1720.2
browser.page.TTFB.http://localhost:3000/:
  min: ......................................................................... 3.8
  max: ......................................................................... 252.3
  mean: ........................................................................ 66.3
  median: ...................................................................... 37
  p95: ......................................................................... 144
  p99: ......................................................................... 144
browser.page.codes.200: ........................................................ 947
vusers.created: ................................................................ 20
vusers.created_by_name.0: ...................................................... 20


APP | Cpu 18 Memory 159367168
DB | Cpu 0 Memory 39993344
--------------------------------------
Metrics for period to: 15:13:40(-0300) (width: 9.697s)
--------------------------------------

browser.http_requests: ......................................................... 854
browser.page.FCP.http://localhost:3000/:
  min: ......................................................................... 2607.8
  max: ......................................................................... 6509.1
  mean: ........................................................................ 4477.6
  median: ...................................................................... 4492.8
  p95: ......................................................................... 6439.7
  p99: ......................................................................... 6439.7
browser.page.FID.http://localhost:3000/:
  min: ......................................................................... 0.9
  max: ......................................................................... 2.8
  mean: ........................................................................ 1.3
  median: ...................................................................... 1.1
  p95: ......................................................................... 2
  p99: ......................................................................... 2
browser.page.LCP.http://localhost:3000/:
  min: ......................................................................... 2217.6
  max: ......................................................................... 6693.9
  mean: ........................................................................ 4714.3
  median: ...................................................................... 4676.2
  p95: ......................................................................... 6702.6
  p99: ......................................................................... 6702.6
browser.page.TTFB.http://localhost:3000/:
  min: ......................................................................... 106.2
  max: ......................................................................... 1673.9
  mean: ........................................................................ 637.6
  median: ...................................................................... 468.8
  p95: ......................................................................... 1686.1
  p99: ......................................................................... 1686.1
browser.page.codes.200: ........................................................ 853
vusers.completed: .............................................................. 11
vusers.created: ................................................................ 10
vusers.created_by_name.0: ...................................................... 10
vusers.failed: ................................................................. 0
vusers.session_length:
  min: ......................................................................... 28508.8
  max: ......................................................................... 29864.9
  mean: ........................................................................ 29122.6
  median: ...................................................................... 29445.4
  p95: ......................................................................... 29445.4
  p99: ......................................................................... 29445.4


APP | Cpu 7.000000000000001 Memory 182779904
DB | Cpu 0 Memory 41861120
--------------------------------------
Metrics for period to: 15:13:50(-0300) (width: 9.911s)
--------------------------------------

vusers.completed: .............................................................. 18
vusers.failed: ................................................................. 0
vusers.session_length:
  min: ......................................................................... 29561.9
  max: ......................................................................... 31260.1
  mean: ........................................................................ 30480.5
  median: ...................................................................... 30647.1
  p95: ......................................................................... 31266.3
  p99: ......................................................................... 31266.3


--------------------------------------
Metrics for period to: 15:14:00(-0300) (width: 8.462s)
--------------------------------------

vusers.completed: .............................................................. 17
vusers.failed: ................................................................. 0
vusers.session_length:
  min: ......................................................................... 30056.4
  max: ......................................................................... 31610
  mean: ........................................................................ 31008.3
  median: ...................................................................... 31266.3
  p95: ......................................................................... 31266.3
  p99: ......................................................................... 31266.3


--------------------------------------
Metrics for period to: 15:14:10(-0300) (width: 1.906s)
--------------------------------------

vusers.completed: .............................................................. 14
vusers.failed: ................................................................. 0
vusers.session_length:
  min: ......................................................................... 27203.2
  max: ......................................................................... 31687.7
  mean: ........................................................................ 29747.5
  median: ...................................................................... 30040.3
  p95: ......................................................................... 31897.9
  p99: ......................................................................... 31897.9


All VUs finished. Total time: 58 seconds

--------------------------------
Summary report @ 15:14:04(-0300)
--------------------------------

browser.http_requests: ......................................................... 3600
browser.page.FCP.http://localhost:3000/:
  min: ......................................................................... 105
  max: ......................................................................... 6509.1
  mean: ........................................................................ 1546
  median: ...................................................................... 424.2
  p95: ......................................................................... 5711.5
  p99: ......................................................................... 6439.7
browser.page.FID.http://localhost:3000/:
  min: ......................................................................... 0.9
  max: ......................................................................... 62.3
  mean: ........................................................................ 2.2
  median: ...................................................................... 1.1
  p95: ......................................................................... 1.9
  p99: ......................................................................... 2.8
browser.page.LCP.http://localhost:3000/:
  min: ......................................................................... 117.5
  max: ......................................................................... 6693.9
  mean: ........................................................................ 1724.7
  median: ...................................................................... 441.5
  p95: ......................................................................... 6064.7
  p99: ......................................................................... 6702.6
browser.page.TTFB.http://localhost:3000/:
  min: ......................................................................... 2.1
  max: ......................................................................... 1673.9
  mean: ........................................................................ 194.4
  median: ...................................................................... 29.1
  p95: ......................................................................... 772.9
  p99: ......................................................................... 1686.1
browser.page.codes.200: ........................................................ 3600
vusers.completed: .............................................................. 60
vusers.created: ................................................................ 60
vusers.created_by_name.0: ...................................................... 60
vusers.failed: ................................................................. 0
vusers.session_length:
  min: ......................................................................... 27203.2
  max: ......................................................................... 31687.7
  mean: ........................................................................ 30210.1
  median: ...................................................................... 30647.1
  p95: ......................................................................... 31266.3
  p99: ......................................................................... 31897.9
APP | Cpu 0 Memory 185794560
DB | Cpu 0 Memory 42713088
----------
APP
Average CPU usage (%): 21.43
Average Memory usage (bytes): 164 MB
----------
----------
DB
Average CPU usage (%): 0.26
Average Memory usage (bytes): 39.1 MB
----------
[0;32mOutput is suitable for comparisons (logs/''-tasks-3.x-reactive-stress.yml.log)[0m
[0;32m Your machine managed the configuration correctly.[0m
