===============================
 Artillery Configuration - Wed Jun 25 15:12:19 -03 2025 
===============================
config:
  target: http://localhost:3000
  phases:
    - duration: 30
      arrivalRate: 3
      name: Warm up
  ensure:
    maxErrorRate: 1
    max: 500
  # Load the Playwright engine:
  engines:
    playwright:
      globalTimeout: 240000
      launchOptions:
        headless: true
        slowMo: 500
  # Path to JavaScript file that defines Playwright test functions
  processor: '../tests/test-helpers.js'
scenarios:
  - engine: playwright
    testFunction: 'reactiveAddAndRemoveTasks'
===============================
===============================
 Meteor checkout version - 8301d700b361e2a94240e55cbc8c8020cd8e9fe6
===============================
=> Running Meteor from a checkout -- overrides project version (Meteor 3.3)
[[[[[ ~/dev/meteor-dev/performance/apps/tasks-3.x ]]]]]

=> Started proxy.
=> Started HMR server.
W20250625-15:12:36.201(-3)? (STDERR) Deprecation warnings are hidden but crucial to address for future Meteor updates. 
W20250625-15:12:36.205(-3)? (STDERR)  Remove the `METEOR_NO_DEPRECATION` env var to reveal them, then report or fix the issues.
(node:22781) Warning: The `util._extend` API is deprecated. Please use Object.assign() instead.
(Use `node --trace-warnings ...` to show where the warning was created)
=> Started your app.

=> App running at: http://localhost:3000/
I20250625-15:12:36.241(-3)? MongoDB Change Streams are available and will be used for real-time updates
I20250625-15:12:36.246(-3)? MongoDB Change Streams are available and will be used for real-time updates
I20250625-15:12:36.248(-3)? MongoDB Change Streams are available and will be used for real-time updates
APP PID: 22835
DB PID: 
Monitor CpuRam APP Pid 22849
Monitor CpuRam DB Pid 22850
Test run id: t6nqr_rbc3kr3gdny498qy3ymtgkpdhr7hg_9rjb
APP | Cpu 34 Memory 159301632
DB | Cpu 2 Memory 39632896
Phase started: Warm up (index: 0, duration: 30s) 15:12:37(-0300)

I20250625-15:12:38.932(-3)? 🤮 Using OplogObserveDriver for real-time updates
I20250625-15:12:38.935(-3)? 🤮 Using OplogObserveDriver for real-time updates
I20250625-15:12:38.937(-3)? 🤮 Using OplogObserveDriver for real-time updates
I20250625-15:12:38.939(-3)? 🤮 Using OplogObserveDriver for real-time updates
I20250625-15:12:38.943(-3)? 🤮 Using OplogObserveDriver for real-time updates
--------------------------------------
Metrics for period to: 15:12:40(-0300) (width: 1.469s)
--------------------------------------

browser.http_requests: ......................................................... 360
browser.page.FCP.http://localhost:3000/:
  min: ......................................................................... 102.2
  max: ......................................................................... 169.3
  mean: ........................................................................ 137.2
  median: ...................................................................... 111.1
  p95: ......................................................................... 169
  p99: ......................................................................... 169
browser.page.FID.http://localhost:3000/:
  min: ......................................................................... 1
  max: ......................................................................... 1.2
  mean: ........................................................................ 1.1
  median: ...................................................................... 1.1
  p95: ......................................................................... 1.1
  p99: ......................................................................... 1.1
browser.page.LCP.http://localhost:3000/:
  min: ......................................................................... 166.9
  max: ......................................................................... 169.3
  mean: ........................................................................ 168.1
  median: ...................................................................... 169
  p95: ......................................................................... 169
  p99: ......................................................................... 169
browser.page.TTFB.http://localhost:3000/:
  min: ......................................................................... 2.1
  max: ......................................................................... 9.6
  mean: ........................................................................ 5.3
  median: ...................................................................... 2.3
  p95: ......................................................................... 8.4
  p99: ......................................................................... 8.4
browser.page.codes.200: ........................................................ 360
vusers.created: ................................................................ 6
vusers.created_by_name.0: ...................................................... 6


DB | Cpu 0 Memory 42041344
APP | Cpu 41 Memory 259260416
--------------------------------------
Metrics for period to: 15:12:50(-0300) (width: 9.477s)
--------------------------------------

browser.http_requests: ......................................................... 1800
browser.page.FCP.http://localhost:3000/:
  min: ......................................................................... 103.8
  max: ......................................................................... 277.1
  mean: ........................................................................ 132.3
  median: ...................................................................... 115.6
  p95: ......................................................................... 194.4
  p99: ......................................................................... 219.2
browser.page.FID.http://localhost:3000/:
  min: ......................................................................... 0.9
  max: ......................................................................... 1.6
  mean: ........................................................................ 1
  median: ...................................................................... 1
  p95: ......................................................................... 1.1
  p99: ......................................................................... 1.3
browser.page.LCP.http://localhost:3000/:
  min: ......................................................................... 110.8
  max: ......................................................................... 1037.8
  mean: ........................................................................ 277
  median: ...................................................................... 144
  p95: ......................................................................... 925.4
  p99: ......................................................................... 982.6
browser.page.TTFB.http://localhost:3000/:
  min: ......................................................................... 1.9
  max: ......................................................................... 9.7
  mean: ........................................................................ 3.1
  median: ...................................................................... 2.4
  p95: ......................................................................... 5.9
  p99: ......................................................................... 7.3
browser.page.codes.200: ........................................................ 1800
vusers.created: ................................................................ 30
vusers.created_by_name.0: ...................................................... 30


APP | Cpu 22 Memory 275660800
DB | Cpu 1 Memory 41697280
--------------------------------------
Metrics for period to: 15:13:00(-0300) (width: 9.459s)
--------------------------------------

browser.http_requests: ......................................................... 599
browser.page.FCP.http://localhost:3000/:
  min: ......................................................................... 755.2
  max: ......................................................................... 2351
  mean: ........................................................................ 1284.8
  median: ...................................................................... 837.3
  p95: ......................................................................... 1978.7
  p99: ......................................................................... 1978.7
browser.page.FID.http://localhost:3000/:
  min: ......................................................................... 0.9
  max: ......................................................................... 30.8
  mean: ........................................................................ 6.3
  median: ...................................................................... 1.2
  p95: ......................................................................... 16.6
  p99: ......................................................................... 16.6
browser.page.LCP.http://localhost:3000/:
  min: ......................................................................... 250.7
  max: ......................................................................... 3187.1
  mean: ........................................................................ 1196.7
  median: ...................................................................... 889.1
  p95: ......................................................................... 2836.2
  p99: ......................................................................... 2836.2
browser.page.TTFB.http://localhost:3000/:
  min: ......................................................................... 25.1
  max: ......................................................................... 60
  mean: ........................................................................ 44.1
  median: ...................................................................... 41.7
  p95: ......................................................................... 55.2
  p99: ......................................................................... 55.2
browser.page.codes.200: ........................................................ 601
vusers.created: ................................................................ 30
vusers.created_by_name.0: ...................................................... 30


I20250625-15:13:04.318(-3)? 🤮 Using OplogObserveDriver for real-time updates
I20250625-15:13:04.478(-3)? 🤮 Using OplogObserveDriver for real-time updates
I20250625-15:13:04.496(-3)? 🤮 Using OplogObserveDriver for real-time updates
I20250625-15:13:04.994(-3)? 🤮 Using OplogObserveDriver for real-time updates
I20250625-15:13:05.420(-3)? 🤮 Using OplogObserveDriver for real-time updates
I20250625-15:13:05.516(-3)? 🤮 Using OplogObserveDriver for real-time updates
I20250625-15:13:05.885(-3)? 🤮 Using OplogObserveDriver for real-time updates
I20250625-15:13:05.895(-3)? 🤮 Using OplogObserveDriver for real-time updates
APP | Cpu 54 Memory 379600896
DB | Cpu 1 Memory 46104576
Phase completed: Warm up (index: 0, duration: 30s) 15:13:07(-0300)

--------------------------------------
Metrics for period to: 15:13:10(-0300) (width: 9.832s)
--------------------------------------

browser.http_requests: ......................................................... 2125
browser.page.FCP.http://localhost:3000/:
  min: ......................................................................... 5578.2
  max: ......................................................................... 11990.6
  mean: ........................................................................ 8557.8
  median: ...................................................................... 8692.8
  p95: ......................................................................... 11274.1
  p99: ......................................................................... 11501.8
browser.page.FID.http://localhost:3000/:
  min: ......................................................................... 0.9
  max: ......................................................................... 2.3
  mean: ........................................................................ 1.1
  median: ...................................................................... 1.1
  p95: ......................................................................... 1.4
  p99: ......................................................................... 1.4
browser.page.LCP.http://localhost:3000/:
  min: ......................................................................... 5657.5
  max: ......................................................................... 12645.3
  mean: ........................................................................ 8991.4
  median: ...................................................................... 9416.8
  p95: ......................................................................... 11501.8
  p99: ......................................................................... 11501.8
browser.page.TTFB.http://localhost:3000/:
  min: ......................................................................... 202.8
  max: ......................................................................... 3246.4
  mean: ........................................................................ 1233.9
  median: ...................................................................... 699.4
  p95: ......................................................................... 3134.5
  p99: ......................................................................... 3197.8
browser.page.codes.200: ........................................................ 2126
vusers.completed: .............................................................. 17
vusers.created: ................................................................ 24
vusers.created_by_name.0: ...................................................... 24
vusers.failed: ................................................................. 0
vusers.session_length:
  min: ......................................................................... 24759.8
  max: ......................................................................... 26124.4
  mean: ........................................................................ 25348.8
  median: ...................................................................... 25091.6
  p95: ......................................................................... 26115.6
  p99: ......................................................................... 26115.6


DB | Cpu 0 Memory 41975808
APP | Cpu 21 Memory 344915968
--------------------------------------
Metrics for period to: 15:13:20(-0300) (width: 9.947s)
--------------------------------------

browser.http_requests: ......................................................... 345
browser.page.FCP.http://localhost:3000/:
  min: ......................................................................... 8118.4
  max: ......................................................................... 13726.7
  mean: ........................................................................ 11644.9
  median: ...................................................................... 11050.8
  p95: ......................................................................... 13770.3
  p99: ......................................................................... 13770.3
browser.page.FID.http://localhost:3000/:
  min: ......................................................................... 1
  max: ......................................................................... 2
  mean: ........................................................................ 1.2
  median: ...................................................................... 1.1
  p95: ......................................................................... 1.2
  p99: ......................................................................... 1.2
browser.page.LCP.http://localhost:3000/:
  min: ......................................................................... 8118.4
  max: ......................................................................... 13726.7
  mean: ........................................................................ 11644.9
  median: ...................................................................... 11050.8
  p95: ......................................................................... 13770.3
  p99: ......................................................................... 13770.3
browser.page.TTFB.http://localhost:3000/:
  min: ......................................................................... 426.7
  max: ......................................................................... 538.6
  mean: ........................................................................ 474.1
  median: ...................................................................... 468.8
  p95: ......................................................................... 497.8
  p99: ......................................................................... 497.8
browser.page.codes.200: ........................................................ 344
vusers.completed: .............................................................. 21
vusers.failed: ................................................................. 0
vusers.session_length:
  min: ......................................................................... 26284
  max: ......................................................................... 29039.3
  mean: ........................................................................ 27443.3
  median: ...................................................................... 27181.5
  p95: ......................................................................... 28862.3
  p99: ......................................................................... 28862.3


APP | Cpu 10 Memory 380813312
DB | Cpu 0 Memory 42565632
--------------------------------------
Metrics for period to: 15:13:30(-0300) (width: 6.037s)
--------------------------------------

browser.http_requests: ......................................................... 171
browser.page.FCP.http://localhost:3000/:
  min: ......................................................................... 15646.7
  max: ......................................................................... 16789.8
  mean: ........................................................................ 16273.1
  median: ...................................................................... 16486.1
  p95: ......................................................................... 16819.2
  p99: ......................................................................... 16819.2
browser.page.FID.http://localhost:3000/:
  min: ......................................................................... 1
  max: ......................................................................... 2.5
  mean: ........................................................................ 1.5
  median: ...................................................................... 1.3
  p95: ......................................................................... 2.2
  p99: ......................................................................... 2.2
browser.page.LCP.http://localhost:3000/:
  min: ......................................................................... 15771.1
  max: ......................................................................... 17589.4
  mean: ........................................................................ 17059.5
  median: ...................................................................... 17158.9
  p95: ......................................................................... 17505.6
  p99: ......................................................................... 17505.6
browser.page.TTFB.http://localhost:3000/:
  min: ......................................................................... 294.4
  max: ......................................................................... 518.1
  mean: ........................................................................ 406.4
  median: ...................................................................... 415.8
  p95: ......................................................................... 497.8
  p99: ......................................................................... 497.8
browser.page.codes.200: ........................................................ 169
vusers.completed: .............................................................. 4
vusers.failed: ................................................................. 0
vusers.session_length:
  min: ......................................................................... 28651.3
  max: ......................................................................... 31216.7
  mean: ........................................................................ 30118.7
  median: ...................................................................... 30040.3
  p95: ......................................................................... 30647.1
  p99: ......................................................................... 30647.1


APP | Cpu 0 Memory 397885440
DB | Cpu 0 Memory 43008000
DB | Cpu 0 Memory 43204608
APP | Cpu 6 Memory 416743424
DB | Cpu 1 Memory 43220992
APP | Cpu 0 Memory 417562624
--------------------------------------
Metrics for period to: 15:13:40(-0300) (width: 6.186s)
--------------------------------------

vusers.completed: .............................................................. 6
vusers.failed: ................................................................. 0
vusers.session_length:
  min: ......................................................................... 38056.4
  max: ......................................................................... 42798.7
  mean: ........................................................................ 41238.8
  median: ...................................................................... 41369.7
  p95: ......................................................................... 42205.5
  p99: ......................................................................... 42205.5


--------------------------------------
Metrics for period to: 15:13:50(-0300) (width: 8.638s)
--------------------------------------

vusers.completed: .............................................................. 27
vusers.failed: ................................................................. 0
vusers.session_length:
  min: ......................................................................... 38598.1
  max: ......................................................................... 53571.3
  mean: ........................................................................ 45159.3
  median: ...................................................................... 43928
  p95: ......................................................................... 52591.6
  p99: ......................................................................... 52591.6


--------------------------------------
Metrics for period to: 15:14:00(-0300) (width: 7.365s)
--------------------------------------

vusers.completed: .............................................................. 15
vusers.failed: ................................................................. 0
vusers.session_length:
  min: ......................................................................... 46527.3
  max: ......................................................................... 50147
  mean: ........................................................................ 48716
  median: ...................................................................... 49528.8
  p95: ......................................................................... 49528.8
  p99: ......................................................................... 49528.8


All VUs finished. Total time: 1 minute, 20 seconds

--------------------------------
Summary report @ 15:13:59(-0300)
--------------------------------

browser.http_requests: ......................................................... 5400
browser.page.FCP.http://localhost:3000/:
  min: ......................................................................... 102.2
  max: ......................................................................... 16789.8
  mean: ........................................................................ 5714.7
  median: ...................................................................... 5711.5
  p95: ......................................................................... 16486.1
  p99: ......................................................................... 16819.2
browser.page.FID.http://localhost:3000/:
  min: ......................................................................... 0.9
  max: ......................................................................... 30.8
  mean: ........................................................................ 1.6
  median: ...................................................................... 1
  p95: ......................................................................... 2.2
  p99: ......................................................................... 16.6
browser.page.LCP.http://localhost:3000/:
  min: ......................................................................... 110.8
  max: ......................................................................... 17589.4
  mean: ........................................................................ 6026.2
  median: ...................................................................... 5711.5
  p95: ......................................................................... 17158.9
  p99: ......................................................................... 17505.6
browser.page.TTFB.http://localhost:3000/:
  min: ......................................................................... 1.9
  max: ......................................................................... 3246.4
  mean: ........................................................................ 520.6
  median: ...................................................................... 232.8
  p95: ......................................................................... 2231
  p99: ......................................................................... 3197.8
browser.page.codes.200: ........................................................ 5400
vusers.completed: .............................................................. 90
vusers.created: ................................................................ 90
vusers.created_by_name.0: ...................................................... 90
vusers.failed: ................................................................. 0
vusers.session_length:
  min: ......................................................................... 24759.8
  max: ......................................................................... 53571.3
  mean: ........................................................................ 36946.5
  median: ...................................................................... 40550.5
  p95: ......................................................................... 49528.8
  p99: ......................................................................... 52591.6
----------
DB
Average CPU usage (%): 0.22
Average Memory usage (bytes): 42.6 MB
----------
----------
APP
Average CPU usage (%): 22.50
Average Memory usage (bytes): 339 MB
----------
[0;32mOutput is suitable for comparisons (logs/''-tasks-3.x-reactive-stress.yml.log)[0m
[0;32m Your machine managed the configuration correctly.[0m
