===============================
 Artillery Configuration - Mon Jul 21 15:15:17 -03 2025 
===============================
config:
  target: http://localhost:3000
  phases:
    - duration: 30
      arrivalRate: 2
      maxVusers: 100
      name: Warm up
  ensure:
    maxErrorRate: 1
    max: 500
  # Load the Playwright engine:
  engines:
    playwright:
      globalTimeout: 240000
      launchOptions:
        slowMo: 500
  # Path to JavaScript file that defines Playwright test functions
  processor: '../tests/test-helpers.js'
scenarios:
  - engine: playwright
    testFunction: 'reactiveAddAndRemoveTasks'
===============================
===============================
 Meteor version - METEOR@3.0.2
===============================
[[[[[ ~/dev/meteor-dev/performance/apps/tasks-3.x ]]]]]

=> Started proxy.
=> Started HMR server.
=> Meteor 3.3 is available. Check the changelog
https://docs.meteor.com/changelog.html and update this project with 'meteor
update'.
=> Started your app.

=> App running at: http://localhost:3000/
APP PID: 8693
DB PID: 
Monitor CpuRam APP Pid 8708
Monitor CpuRam DB Pid 8709
Test run id: tfdkk_8txqepf7gy535cnqq7p3rt8t8dyxz_hh5f
APP | Cpu 34 Memory 136773632
DB | Cpu 2 Memory 39665664
Phase started: Warm up (index: 0, duration: 30s) 15:15:37(-0300)

--------------------------------------
Metrics for period to: 15:15:40(-0300) (width: 1.442s)
--------------------------------------

browser.http_requests: ......................................................... 240
browser.page.FCP.http://localhost:3000/:
  min: ......................................................................... 99.7
  max: ......................................................................... 139.9
  mean: ........................................................................ 120.6
  median: ...................................................................... 102.5
  p95: ......................................................................... 141.2
  p99: ......................................................................... 141.2
browser.page.FID.http://localhost:3000/:
  min: ......................................................................... 1.5
  max: ......................................................................... 1.6
  mean: ........................................................................ 1.6
  median: ...................................................................... 1.5
  p95: ......................................................................... 1.5
  p99: ......................................................................... 1.5
browser.page.LCP.http://localhost:3000/:
  min: ......................................................................... 139.8
  max: ......................................................................... 139.9
  mean: ........................................................................ 139.8
  median: ...................................................................... 141.2
  p95: ......................................................................... 141.2
  p99: ......................................................................... 141.2
browser.page.TTFB.http://localhost:3000/:
  min: ......................................................................... 2.3
  max: ......................................................................... 4.5
  mean: ........................................................................ 3.5
  median: ...................................................................... 2.8
  p95: ......................................................................... 4.5
  p99: ......................................................................... 4.5
browser.page.codes.200: ........................................................ 240
vusers.created: ................................................................ 4
vusers.created_by_name.0: ...................................................... 4


DB | Cpu 1 Memory 42024960
APP | Cpu 28.999999999999996 Memory 175865856
--------------------------------------
Metrics for period to: 15:15:50(-0300) (width: 9.359s)
--------------------------------------

browser.http_requests: ......................................................... 1200
browser.page.FCP.http://localhost:3000/:
  min: ......................................................................... 98.9
  max: ......................................................................... 206.2
  mean: ........................................................................ 125.9
  median: ...................................................................... 108.9
  p95: ......................................................................... 190.6
  p99: ......................................................................... 190.6
browser.page.FID.http://localhost:3000/:
  min: ......................................................................... 0.8
  max: ......................................................................... 1.3
  mean: ........................................................................ 1
  median: ...................................................................... 1
  p95: ......................................................................... 1.2
  p99: ......................................................................... 1.2
browser.page.LCP.http://localhost:3000/:
  min: ......................................................................... 99.7
  max: ......................................................................... 947.5
  mean: ........................................................................ 259.4
  median: ...................................................................... 135.7
  p95: ......................................................................... 713.5
  p99: ......................................................................... 713.5
browser.page.TTFB.http://localhost:3000/:
  min: ......................................................................... 2.2
  max: ......................................................................... 13.3
  mean: ........................................................................ 3.8
  median: ...................................................................... 2.6
  p95: ......................................................................... 6.8
  p99: ......................................................................... 6.8
browser.page.codes.200: ........................................................ 1200
vusers.created: ................................................................ 20
vusers.created_by_name.0: ...................................................... 20


DB | Cpu 0 Memory 38649856
APP | Cpu 41 Memory 183336960
--------------------------------------
Metrics for period to: 15:16:00(-0300) (width: 9.704s)
--------------------------------------

browser.http_requests: ......................................................... 926
browser.page.FCP.http://localhost:3000/:
  min: ......................................................................... 155.5
  max: ......................................................................... 3209.2
  mean: ........................................................................ 798
  median: ...................................................................... 424.2
  p95: ......................................................................... 1790.4
  p99: ......................................................................... 1790.4
browser.page.FID.http://localhost:3000/:
  min: ......................................................................... 0.9
  max: ......................................................................... 31.8
  mean: ........................................................................ 3.3
  median: ...................................................................... 1.1
  p95: ......................................................................... 1.2
  p99: ......................................................................... 1.2
browser.page.LCP.http://localhost:3000/:
  min: ......................................................................... 202.6
  max: ......................................................................... 1786.5
  mean: ........................................................................ 644.9
  median: ...................................................................... 518.1
  p95: ......................................................................... 1436.8
  p99: ......................................................................... 1436.8
browser.page.TTFB.http://localhost:3000/:
  min: ......................................................................... 3
  max: ......................................................................... 94.6
  mean: ........................................................................ 23.6
  median: ...................................................................... 7.6
  p95: ......................................................................... 73
  p99: ......................................................................... 73
browser.page.codes.200: ........................................................ 930
vusers.created: ................................................................ 20
vusers.created_by_name.0: ...................................................... 20


APP | Cpu 40 Memory 199278592
DB | Cpu 0 Memory 40763392
Phase completed: Warm up (index: 0, duration: 30s) 15:16:07(-0300)

--------------------------------------
Metrics for period to: 15:16:10(-0300) (width: 9.963s)
--------------------------------------

browser.http_requests: ......................................................... 956
browser.page.FCP.http://localhost:3000/:
  min: ......................................................................... 3529.2
  max: ......................................................................... 7338.5
  mean: ........................................................................ 5983.4
  median: ...................................................................... 6312.2
  p95: ......................................................................... 7260.8
  p99: ......................................................................... 7260.8
browser.page.FID.http://localhost:3000/:
  min: ......................................................................... 0.9
  max: ......................................................................... 1.8
  mean: ........................................................................ 1.2
  median: ...................................................................... 1.2
  p95: ......................................................................... 1.3
  p99: ......................................................................... 1.3
browser.page.LCP.http://localhost:3000/:
  min: ......................................................................... 3209.2
  max: ......................................................................... 7338.5
  mean: ........................................................................ 5608.7
  median: ...................................................................... 5826.9
  p95: ......................................................................... 7260.8
  p99: ......................................................................... 7260.8
browser.page.TTFB.http://localhost:3000/:
  min: ......................................................................... 101.6
  max: ......................................................................... 620.7
  mean: ........................................................................ 355.2
  median: ...................................................................... 361.5
  p95: ......................................................................... 572.6
  p99: ......................................................................... 572.6
browser.page.codes.200: ........................................................ 952
vusers.completed: .............................................................. 13
vusers.created: ................................................................ 16
vusers.created_by_name.0: ...................................................... 16
vusers.failed: ................................................................. 0
vusers.session_length:
  min: ......................................................................... 24760.9
  max: ......................................................................... 26095.3
  mean: ........................................................................ 25359.8
  median: ...................................................................... 25091.6
  p95: ......................................................................... 26115.6
  p99: ......................................................................... 26115.6


DB | Cpu 0 Memory 41238528
APP | Cpu 28.999999999999996 Memory 192610304
--------------------------------------
Metrics for period to: 15:16:20(-0300) (width: 9.117s)
--------------------------------------

browser.http_requests: ......................................................... 278
browser.page.FCP.http://localhost:3000/:
  min: ......................................................................... 4303.2
  max: ......................................................................... 7350.1
  mean: ........................................................................ 6040.4
  median: ...................................................................... 5826.9
  p95: ......................................................................... 7260.8
  p99: ......................................................................... 7260.8
browser.page.FID.http://localhost:3000/:
  min: ......................................................................... 0.7
  max: ......................................................................... 1.7
  mean: ........................................................................ 1.2
  median: ...................................................................... 1.2
  p95: ......................................................................... 1.5
  p99: ......................................................................... 1.5
browser.page.LCP.http://localhost:3000/:
  min: ......................................................................... 5414.8
  max: ......................................................................... 7350.1
  mean: ........................................................................ 6632.4
  median: ...................................................................... 6838
  p95: ......................................................................... 7260.8
  p99: ......................................................................... 7260.8
browser.page.TTFB.http://localhost:3000/:
  min: ......................................................................... 457.8
  max: ......................................................................... 915.3
  mean: ........................................................................ 648.2
  median: ...................................................................... 596
  p95: ......................................................................... 907
  p99: ......................................................................... 907
browser.page.codes.200: ........................................................ 278
vusers.completed: .............................................................. 15
vusers.failed: ................................................................. 0
vusers.session_length:
  min: ......................................................................... 25438.6
  max: ......................................................................... 27827.5
  mean: ........................................................................ 26665.4
  median: ...................................................................... 26643.2
  p95: ......................................................................... 27730.6
  p99: ......................................................................... 27730.6


DB | Cpu 0 Memory 41500672
APP | Cpu 19 Memory 165707776
--------------------------------------
Metrics for period to: 15:16:30(-0300) (width: 8.871s)
--------------------------------------

vusers.completed: .............................................................. 5
vusers.failed: ................................................................. 0
vusers.session_length:
  min: ......................................................................... 27241.6
  max: ......................................................................... 34611.6
  mean: ........................................................................ 29040.2
  median: ...................................................................... 27730.6
  p95: ......................................................................... 27730.6
  p99: ......................................................................... 27730.6


--------------------------------------
Metrics for period to: 15:16:40(-0300) (width: 5.677s)
--------------------------------------

vusers.completed: .............................................................. 27
vusers.failed: ................................................................. 0
vusers.session_length:
  min: ......................................................................... 28319.1
  max: ......................................................................... 37127.4
  mean: ........................................................................ 33308.4
  median: ...................................................................... 33199.7
  p95: ......................................................................... 36691.5
  p99: ......................................................................... 36691.5


All VUs finished. Total time: 58 seconds

--------------------------------
Summary report @ 15:16:37(-0300)
--------------------------------

browser.http_requests: ......................................................... 3600
browser.page.FCP.http://localhost:3000/:
  min: ......................................................................... 98.9
  max: ......................................................................... 7350.1
  mean: ........................................................................ 2527.9
  median: ...................................................................... 295.9
  p95: ......................................................................... 7260.8
  p99: ......................................................................... 7407.5
browser.page.FID.http://localhost:3000/:
  min: ......................................................................... 0.7
  max: ......................................................................... 31.8
  mean: ........................................................................ 1.6
  median: ...................................................................... 1.1
  p95: ......................................................................... 1.6
  p99: ......................................................................... 1.8
browser.page.LCP.http://localhost:3000/:
  min: ......................................................................... 99.7
  max: ......................................................................... 7350.1
  mean: ........................................................................ 2706.9
  median: ...................................................................... 713.5
  p95: ......................................................................... 7260.8
  p99: ......................................................................... 7407.5
browser.page.TTFB.http://localhost:3000/:
  min: ......................................................................... 2.2
  max: ......................................................................... 915.3
  mean: ........................................................................ 196.5
  median: ...................................................................... 7.6
  p95: ......................................................................... 727.9
  p99: ......................................................................... 907
browser.page.codes.200: ........................................................ 3600
vusers.completed: .............................................................. 60
vusers.created: ................................................................ 60
vusers.created_by_name.0: ...................................................... 60
vusers.failed: ................................................................. 0
vusers.session_length:
  min: ......................................................................... 24760.9
  max: ......................................................................... 37127.4
  mean: ........................................................................ 29569.8
  median: ...................................................................... 27730.6
  p95: ......................................................................... 36691.5
  p99: ......................................................................... 36691.5
DB | Cpu 0 Memory 42696704
APP | Cpu 1 Memory 182992896
----------
APP
Average CPU usage (%): 31.05
Average Memory usage (bytes): 179 MB
----------
----------
DB
Average CPU usage (%): 0.25
Average Memory usage (bytes): 41.3 MB
----------
[0;32mOutput is suitable for comparisons (logs/''-tasks-3.x-reactive-stress.yml.log)[0m
[0;32m Your machine managed the configuration correctly.[0m
